-- Found ament_cmake: 1.3.11 (/opt/ros/humble/share/ament_cmake/cmake)
-- Found rclcpp: 16.0.11 (/opt/ros/humble/share/rclcpp/cmake)
-- Found rosidl_generator_c: 3.1.6 (/opt/ros/humble/share/rosidl_generator_c/cmake)
-- Found rosidl_adapter: 3.1.6 (/opt/ros/humble/share/rosidl_adapter/cmake)
-- Found rosidl_generator_cpp: 3.1.6 (/opt/ros/humble/share/rosidl_generator_cpp/cmake)
-- Using all available rosidl_typesupport_c: rosidl_typesupport_fastrtps_c;rosidl_typesupport_introspection_c
-- Using all available rosidl_typesupport_cpp: rosidl_typesupport_fastrtps_cpp;rosidl_typesupport_introspection_cpp
-- Found rmw_implementation_cmake: 6.1.2 (/opt/ros/humble/share/rmw_implementation_cmake/cmake)
-- Found rmw_fastrtps_cpp: 6.2.7 (/opt/ros/humble/share/rmw_fastrtps_cpp/cmake)
-- Using RMW implementation 'rmw_fastrtps_cpp' as default
-- Found sensor_msgs: 4.2.4 (/opt/ros/humble/share/sensor_msgs/cmake)
-- Found nav_msgs: 4.2.4 (/opt/ros/humble/share/nav_msgs/cmake)
-- Found tf2: 0.25.12 (/opt/ros/humble/share/tf2/cmake)
-- Found tf2_ros: 0.25.12 (/opt/ros/humble/share/tf2_ros/cmake)
-- Found rosidl_default_generators: 1.2.0 (/opt/ros/humble/share/rosidl_default_generators/cmake)
[33mCMake Warning (dev) at /usr/share/cmake-3.22/Modules/FindOpenGL.cmake:315 (message):
  Policy CMP0072 is not set: FindOpenGL prefers GLVND by default when
  available.  Run "cmake --help-policy CMP0072" for policy details.  Use the
  cmake_policy command to set the policy and suppress this warning.

  FindOpenGL found both a legacy GL library:

    OPENGL_gl_LIBRARY: /usr/lib/x86_64-linux-gnu/libGL.so

  and GLVND libraries for OpenGL and GLX:

    OPENGL_opengl_LIBRARY: /usr/lib/x86_64-linux-gnu/libOpenGL.so
    OPENGL_glx_LIBRARY: /usr/lib/x86_64-linux-gnu/libGLX.so

  OpenGL_GL_PREFERENCE has not been set to "GLVND" or "LEGACY", so for
  compatibility with CMake 3.10 and below the legacy GL library will be used.
Call Stack (most recent call first):
  CMakeLists.txt:28 (find_package)
This warning is for project developers.  Use -Wno-dev to suppress it.
[0m
-- Found ament_cmake_ros: 0.10.0 (/opt/ros/humble/share/ament_cmake_ros/cmake)
-- Using all available rosidl_typesupport_c: rosidl_typesupport_fastrtps_c;rosidl_typesupport_introspection_c
-- Using all available rosidl_typesupport_cpp: rosidl_typesupport_fastrtps_cpp;rosidl_typesupport_introspection_cpp
-- Found python_cmake_module: 0.10.0 (/opt/ros/humble/share/python_cmake_module/cmake)
-- Using PYTHON_EXECUTABLE: /usr/bin/python3
-- Using PYTHON_INCLUDE_DIRS: /usr/include/python3.10
-- Using PYTHON_LIBRARIES: /usr/lib/x86_64-linux-gnu/libpython3.10.so
-- Configuring done
-- Generating done
-- Build files have been written to: /home/nisarg/Documents/repo/libchamp-imp/ros2_ws/build/quadruped_mujoco
[35m[1mConsolidate compiler generated dependencies of target mujoco_interface_node[0m
[35m[1mConsolidate compiler generated dependencies of target quadruped_mujoco__rosidl_generator_c[0m
[  1%] Built target quadruped_mujoco__cpp
[  2%] [32mBuilding CXX object CMakeFiles/mujoco_sim_node.dir/src/nodes/mujoco_sim_node.cpp.o[0m
[  5%] Built target mujoco_interface_node
[ 14%] Built target quadruped_mujoco__rosidl_generator_c
[ 14%] Built target ament_cmake_python_copy_quadruped_mujoco
[35m[1mConsolidate compiler generated dependencies of target quadruped_mujoco__rosidl_typesupport_fastrtps_cpp[0m
[35m[1mConsolidate compiler generated dependencies of target quadruped_mujoco__rosidl_typesupport_cpp[0m
[35m[1mConsolidate compiler generated dependencies of target quadruped_mujoco__rosidl_typesupport_introspection_cpp[0m
[35m[1mConsolidate compiler generated dependencies of target quadruped_mujoco__rosidl_typesupport_c[0m
[35m[1mConsolidate compiler generated dependencies of target quadruped_mujoco__rosidl_typesupport_introspection_c[0m
[35m[1mConsolidate compiler generated dependencies of target quadruped_mujoco__rosidl_typesupport_fastrtps_c[0m
[ 23%] Built target quadruped_mujoco__rosidl_typesupport_cpp
[ 32%] Built target quadruped_mujoco__rosidl_typesupport_fastrtps_cpp
[ 41%] Built target quadruped_mujoco__rosidl_typesupport_c
[ 50%] Built target quadruped_mujoco__rosidl_typesupport_introspection_cpp
[ 59%] Built target quadruped_mujoco__rosidl_typesupport_fastrtps_c
[ 68%] Built target quadruped_mujoco__rosidl_typesupport_introspection_c
[35m[1mConsolidate compiler generated dependencies of target quadruped_mujoco_lib[0m
[ 71%] Built target quadruped_mujoco_lib
[ 71%] Built target quadruped_mujoco
[35m[1mConsolidate compiler generated dependencies of target waypoint_nav_node[0m
[35m[1mConsolidate compiler generated dependencies of target turn_node[0m
[35m[1mConsolidate compiler generated dependencies of target quadruped_controller_node[0m
[35m[1mConsolidate compiler generated dependencies of target trot_node[0m
[ 74%] Built target waypoint_nav_node
[ 76%] Built target turn_node
[ 79%] Built target trot_node
[ 81%] Built target quadruped_controller_node
[ 83%] Built target quadruped_mujoco__py
[35m[1mConsolidate compiler generated dependencies of target quadruped_mujoco__rosidl_generator_py[0m
[ 90%] Built target quadruped_mujoco__rosidl_generator_py
[35m[1mConsolidate compiler generated dependencies of target quadruped_mujoco__rosidl_typesupport_fastrtps_c__pyext[0m
[35m[1mConsolidate compiler generated dependencies of target quadruped_mujoco__rosidl_typesupport_introspection_c__pyext[0m
[35m[1mConsolidate compiler generated dependencies of target quadruped_mujoco__rosidl_typesupport_c__pyext[0m
[ 93%] Built target quadruped_mujoco__rosidl_typesupport_fastrtps_c__pyext
[ 96%] Built target quadruped_mujoco__rosidl_typesupport_introspection_c__pyext
[ 98%] Built target quadruped_mujoco__rosidl_typesupport_c__pyext
running egg_info
writing quadruped_mujoco.egg-info/PKG-INFO
writing dependency_links to quadruped_mujoco.egg-info/dependency_links.txt
writing top-level names to quadruped_mujoco.egg-info/top_level.txt
reading manifest file 'quadruped_mujoco.egg-info/SOURCES.txt'
writing manifest file 'quadruped_mujoco.egg-info/SOURCES.txt'
[ 98%] Built target ament_cmake_python_build_quadruped_mujoco_egg
[100%] [32m[1mLinking CXX executable mujoco_sim_node[0m
/usr/bin/ld: CMakeFiles/mujoco_sim_node.dir/src/nodes/mujoco_sim_node.cpp.o: in function `MujocoSimNode::loadModel()':
mujoco_sim_node.cpp:(.text._ZN13MujocoSimNode9loadModelEv[_ZN13MujocoSimNode9loadModelEv]+0xa4): undefined reference to `mj_loadXML'
/usr/bin/ld: mujoco_sim_node.cpp:(.text._ZN13MujocoSimNode9loadModelEv[_ZN13MujocoSimNode9loadModelEv]+0x3e3): undefined reference to `mj_makeData'
/usr/bin/ld: CMakeFiles/mujoco_sim_node.dir/src/nodes/mujoco_sim_node.cpp.o: in function `MujocoSimNode::simulationStep()':
mujoco_sim_node.cpp:(.text._ZN13MujocoSimNode14simulationStepEv[_ZN13MujocoSimNode14simulationStepEv]+0x1e6): undefined reference to `mj_step'
/usr/bin/ld: CMakeFiles/mujoco_sim_node.dir/src/nodes/mujoco_sim_node.cpp.o: in function `MujocoSimNode::publishJointStates()':
mujoco_sim_node.cpp:(.text._ZN13MujocoSimNode18publishJointStatesEv[_ZN13MujocoSimNode18publishJointStatesEv]+0x119): undefined reference to `mj_id2name'
/usr/bin/ld: CMakeFiles/mujoco_sim_node.dir/src/nodes/mujoco_sim_node.cpp.o: in function `MujocoSimNode::jointCommandCallback(std::shared_ptr<sensor_msgs::msg::JointState_<std::allocator<void> > >)':
mujoco_sim_node.cpp:(.text._ZN13MujocoSimNode20jointCommandCallbackESt10shared_ptrIN11sensor_msgs3msg11JointState_ISaIvEEEE[_ZN13MujocoSimNode20jointCommandCallbackESt10shared_ptrIN11sensor_msgs3msg11JointState_ISaIvEEEE]+0x224): undefined reference to `mj_name2id'
/usr/bin/ld: CMakeFiles/mujoco_sim_node.dir/src/nodes/mujoco_sim_node.cpp.o: in function `MujocoSimNode::~MujocoSimNode()':
mujoco_sim_node.cpp:(.text._ZN13MujocoSimNodeD2Ev[_ZN13MujocoSimNodeD5Ev]+0x3d): undefined reference to `mj_deleteData'
/usr/bin/ld: mujoco_sim_node.cpp:(.text._ZN13MujocoSimNodeD2Ev[_ZN13MujocoSimNodeD5Ev]+0x60): undefined reference to `mj_deleteModel'
collect2: error: ld returned 1 exit status
gmake[2]: *** [CMakeFiles/mujoco_sim_node.dir/build.make:175: mujoco_sim_node] Error 1
gmake[1]: *** [CMakeFiles/Makefile2:769: CMakeFiles/mujoco_sim_node.dir/all] Error 2
gmake: *** [Makefile:146: all] Error 2
